Using pre-set license
Built from '2020.3/staging' branch; Version is '2020.3.13f1 (71691879b7f5) revision 7432472'; Using compiler version '192528614'; Build Type 'Release'
OS: 'Windows 10 Pro; OS build 19044.1200; Version 2009; 64bit' Language: 'es' Physical Memory: 16332 MB
BatchMode: 1, IsHumanControllingUs: 0, StartBugReporterOnCrash: 0, Is64bit: 1, IsPro: 0

 COMMAND LINE ARGUMENTS:
D:\Program Files (x86)\Unity\2020.3.13f1\Editor\Unity.exe
-adb2
-batchMode
-noUpm
-name
AssetImportWorker0
-projectPath
C:/Users/Juan Martín/Documents/GitHub/Proyecto/controles
-logFile
Logs/AssetImportWorker0.log
-srvPort
56392
Successfully changed project path to: C:/Users/Juan Martín/Documents/GitHub/Proyecto/controles
C:/Users/Juan Martín/Documents/GitHub/Proyecto/controles
Using Asset Import Pipeline V2.
Refreshing native plugins compatible for Editor in 40.32 ms, found 2 plugins.
Preloading 0 native plugins for Editor in 0.00 ms.
Initialize engine version: 2020.3.13f1 (71691879b7f5)
[Subsystems] Discovering subsystems at path D:/Program Files (x86)/Unity/2020.3.13f1/Editor/Data/Resources/UnitySubsystems
[Subsystems] Discovering subsystems at path C:/Users/Juan Martín/Documents/GitHub/Proyecto/controles/Assets
GfxDevice: creating device client; threaded=0
Direct3D:
    Version:  Direct3D 11.0 [level 11.1]
    Renderer: Radeon RX 570 Series (ID=0x67df)
    Vendor:   
    VRAM:     4075 MB
    Driver:   27.20.21002.2004
Initialize mono
Mono path[0] = 'D:/Program Files (x86)/Unity/2020.3.13f1/Editor/Data/Managed'
Mono path[1] = 'D:/Program Files (x86)/Unity/2020.3.13f1/Editor/Data/MonoBleedingEdge/lib/mono/unityjit'
Mono config path = 'D:/Program Files (x86)/Unity/2020.3.13f1/Editor/Data/MonoBleedingEdge/etc'
Using monoOptions --debugger-agent=transport=dt_socket,embedding=1,server=y,suspend=n,address=127.0.0.1:56084
Begin MonoManager ReloadAssembly
Registering precompiled unity dll's ...
Register platform support module: D:/Program Files (x86)/Unity/2020.3.13f1/Editor/Data/PlaybackEngines/WebGLSupport/UnityEditor.WebGL.Extensions.dll
Register platform support module: D:/Program Files (x86)/Unity/2020.3.13f1/Editor/Data/PlaybackEngines/WindowsStandaloneSupport/UnityEditor.WindowsStandalone.Extensions.dll
Registered in 0.001976 seconds.
Native extension for WindowsStandalone target not found
Native extension for WebGL target not found
Refreshing native plugins compatible for Editor in 37.70 ms, found 2 plugins.
Preloading 0 native plugins for Editor in 0.00 ms.
Mono: successfully reloaded assembly
- Completed reload, in  1.841 seconds
Platform modules already initialized, skipping
Registering precompiled user dll's ...
Registered in 0.007162 seconds.
Begin MonoManager ReloadAssembly
Native extension for WindowsStandalone target not found
Native extension for WebGL target not found
Refreshing native plugins compatible for Editor in 0.43 ms, found 2 plugins.
Preloading 0 native plugins for Editor in 0.00 ms.
Mono: successfully reloaded assembly
- Completed reload, in  1.503 seconds
Platform modules already initialized, skipping
========================================================================
Worker process is ready to serve import requests
Launched and connected shader compiler UnityShaderCompiler.exe after 0.15 seconds
Refreshing native plugins compatible for Editor in 0.35 ms, found 2 plugins.
Preloading 0 native plugins for Editor in 0.00 ms.
Unloading 1545 Unused Serialized files (Serialized files now loaded: 0)
System memory in use before: 70.0 MB.
System memory in use after: 70.0 MB.

Unloading 20 unused Assets to reduce memory usage. Loaded Objects now: 1979.
Total: 2.107400 ms (FindLiveObjects: 0.191600 ms CreateObjectMapping: 0.043500 ms MarkObjects: 1.777400 ms  DeleteObjects: 0.093400 ms)

AssetImportParameters requested are different than current active one (requested -> active):
  custom:framework-win-MediaFoundation: 216162199b28c13a410421893ffa2e32 -> 
  custom:video-decoder-ogg-theora: a1e56fd34408186e4bbccfd4996cb3dc -> 
  custom:container-muxer-webm: aa71ff27fc2769a1b78a27578f13a17b -> 
  custom:container-demuxer-webm: 4f35f7cbe854078d1ac9338744f61a02 -> 
  custom:container-demuxer-ogg: 62fdf1f143b41e24485cea50d1cbac27 -> 
  custom:video-encoder-webm-vp8: eb34c28f22e8b96e1ab97ce403110664 -> 
  custom:video-decoder-webm-vp8: 9c59270c3fd7afecdb556c50c9e8de78 -> 
  custom:audio-decoder-ogg-vorbis: bf7c407c2cedff20999df2af8eb42d56 -> 
  custom:audio-encoder-webm-vorbis: bf7c407c2cedff20999df2af8eb42d56 -> 
========================================================================
Received Import Request.
  path: Assets/Scripts/Timer.cs
  artifactKey: Guid(e6a109593bd0be94d8e558d6cdd1db26) Importer(815301076,1909f56bfc062723c751e8b465ee728b)
Start importing Assets/Scripts/Timer.cs using Guid(e6a109593bd0be94d8e558d6cdd1db26) Importer(815301076,1909f56bfc062723c751e8b465ee728b)  -> (artifact id: '4647bf80f7e08539547f42dc2a04999b') in 0.035308 seconds 
  Import took 0.038903 seconds .

========================================================================
Received Import Request.
  Time since last request: 0.006312 seconds.
  path: Assets/Animations/Animation Caja.anim
  artifactKey: Guid(23b528af415515b45a5e8e66a0790114) Importer(815301076,1909f56bfc062723c751e8b465ee728b)
Start importing Assets/Animations/Animation Caja.anim using Guid(23b528af415515b45a5e8e66a0790114) Importer(815301076,1909f56bfc062723c751e8b465ee728b)  -> (artifact id: 'bb56bf7eb54eeb93a23f63ed7e92586d') in 0.021259 seconds 
  Import took 0.024282 seconds .

========================================================================
Received Import Request.
  Time since last request: 0.005580 seconds.
  path: Assets/Materials/Rojo.mat
  artifactKey: Guid(20197150a536df5438b4832ce741ef16) Importer(815301076,1909f56bfc062723c751e8b465ee728b)
Start importing Assets/Materials/Rojo.mat using Guid(20197150a536df5438b4832ce741ef16) Importer(815301076,1909f56bfc062723c751e8b465ee728b)  -> (artifact id: 'a9e6032ae06615d9db2f64193f87293e') in 0.113537 seconds 
  Import took 0.117202 seconds .

========================================================================
Received Import Request.
  Time since last request: 0.008120 seconds.
  path: Assets/Scenes
  artifactKey: Guid(092090a25159e6242b451c7565ca479d) Importer(815301076,1909f56bfc062723c751e8b465ee728b)
Start importing Assets/Scenes using Guid(092090a25159e6242b451c7565ca479d) Importer(815301076,1909f56bfc062723c751e8b465ee728b)  -> (artifact id: 'c379de0aeac84fddc524c86167681d72') in 0.009295 seconds 
  Import took 0.012068 seconds .

========================================================================
Received Import Request.
  Time since last request: 0.012342 seconds.
  path: Assets/Animations
  artifactKey: Guid(70a8fe058c1ec16498617a3a0ab05fe1) Importer(815301076,1909f56bfc062723c751e8b465ee728b)
Start importing Assets/Animations using Guid(70a8fe058c1ec16498617a3a0ab05fe1) Importer(815301076,1909f56bfc062723c751e8b465ee728b)  -> (artifact id: '09be33c1de2f8a9cf73cdc1f2e7713e7') in 0.008292 seconds 
  Import took 0.011738 seconds .

========================================================================
Received Import Request.
  Time since last request: 0.016167 seconds.
  path: Assets/Scripts/GameManager.cs
  artifactKey: Guid(a11a9904e699bdb428f77a0ca4db5e59) Importer(815301076,1909f56bfc062723c751e8b465ee728b)
Start importing Assets/Scripts/GameManager.cs using Guid(a11a9904e699bdb428f77a0ca4db5e59) Importer(815301076,1909f56bfc062723c751e8b465ee728b)  -> (artifact id: '8546fa7e72c1180270e7ebb1ca8c7a70') in 0.008125 seconds 
  Import took 0.011468 seconds .

========================================================================
Received Import Request.
  Time since last request: 0.011149 seconds.
  path: Assets/Scripts/DeteccionCaja.cs
  artifactKey: Guid(3c62ac78cff29af408efe433439410e9) Importer(815301076,1909f56bfc062723c751e8b465ee728b)
Start importing Assets/Scripts/DeteccionCaja.cs using Guid(3c62ac78cff29af408efe433439410e9) Importer(815301076,1909f56bfc062723c751e8b465ee728b)  -> (artifact id: '685d903f6e4520a0e0b1b0f5a1afc440') in 0.008234 seconds 
  Import took 0.011560 seconds .

========================================================================
Received Import Request.
  Time since last request: 0.035997 seconds.
  path: Assets/Prefabs
  artifactKey: Guid(b9370e3d26b77bd408ba584c9da05068) Importer(815301076,1909f56bfc062723c751e8b465ee728b)
Start importing Assets/Prefabs using Guid(b9370e3d26b77bd408ba584c9da05068) Importer(815301076,1909f56bfc062723c751e8b465ee728b)  -> (artifact id: '1d5711e47fa0f9316283e12d6ea0a517') in 0.008460 seconds 
  Import took 0.011368 seconds .

AssetImportWorkerClient::OnTransportError - code=2 error=End of file
